<?xml version="1.0" encoding="UTF-8"?>
<!-- Generated by org.testng.reporters.JUnitReportReporter -->
<testsuite hostname="DESKTOP-PTEQ8SL" failures="0" tests="1" name="Demo1" time="0.018" errors="0" timestamp="2023-12-16T23:07:28 IST" skipped="0">
  <testcase classname="Demo1" name="aTest" time="0.018"/>
  <system-out/>
</testsuite> <!-- Demo1 -->
